[NotebookApp | WARNING] No nbgrader_config.py file found (rerun with --debug to see where nbgrader is looking)
[NotebookApp | INFO] Loading the validate_assignment nbgrader serverextension
[NotebookApp | INFO] Serving notebooks from local directory: /Users/jacquessham/Documents/GitHub/nyt_comment
[NotebookApp | INFO] The Jupyter Notebook is running at:
[NotebookApp | INFO] http://localhost:8888/?token=2d90c7e9597cba3221df563b94fee78c287049f981ab9187
[NotebookApp | INFO] Use Control-C to stop this server and shut down all kernels (twice to skip confirmation).
[NotebookApp | CRITICAL] 
    
    Copy/paste this URL into your browser when you connect for the first time,
    to login with a token:
        http://localhost:8888/?token=2d90c7e9597cba3221df563b94fee78c287049f981ab9187
[NotebookApp | INFO] Accepting one-time-token-authenticated connection from ::1
[NotebookApp | WARNING] No nbgrader_config.py file found (rerun with --debug to see where nbgrader is looking)
[NotebookApp | INFO] Loading the validate_assignment nbgrader serverextension
[NotebookApp | INFO] Serving notebooks from local directory: /Users/jacquessham/Documents/GitHub/nyt_comment
[NotebookApp | INFO] The Jupyter Notebook is running at:
[NotebookApp | INFO] http://localhost:8888/?token=b6626e5bc93e4acfa47bfd8ac563af612e8b072c2ed88a99
[NotebookApp | INFO] Use Control-C to stop this server and shut down all kernels (twice to skip confirmation).
[NotebookApp | CRITICAL] 
    
    Copy/paste this URL into your browser when you connect for the first time,
    to login with a token:
        http://localhost:8888/?token=b6626e5bc93e4acfa47bfd8ac563af612e8b072c2ed88a99
[NotebookApp | INFO] Accepting one-time-token-authenticated connection from ::1
[NotebookApp | WARNING] Notebook naive_bayes_nyt.ipynb is not trusted
[NotebookApp | INFO] Kernel started: eacd8e7a-f70b-44fc-8a92-ffd0e776baf0
[NotebookApp | INFO] Adapting to protocol v5.1 for kernel eacd8e7a-f70b-44fc-8a92-ffd0e776baf0
[NotebookApp | INFO] Starting buffering for eacd8e7a-f70b-44fc-8a92-ffd0e776baf0:4c5e9f42f2cb42f18f7ac0263e759505
[NotebookApp | WARNING] No nbgrader_config.py file found (rerun with --debug to see where nbgrader is looking)
[NotebookApp | INFO] Loading the validate_assignment nbgrader serverextension
[NotebookApp | INFO] Serving notebooks from local directory: /Users/jacquessham/Documents/GitHub/nyt_comment
[NotebookApp | INFO] The Jupyter Notebook is running at:
[NotebookApp | INFO] http://localhost:8888/?token=938d6244567ab4afb025412bb9edb2d56768bf1a51ca971b
[NotebookApp | INFO] Use Control-C to stop this server and shut down all kernels (twice to skip confirmation).
[NotebookApp | CRITICAL] 
    
    Copy/paste this URL into your browser when you connect for the first time,
    to login with a token:
        http://localhost:8888/?token=938d6244567ab4afb025412bb9edb2d56768bf1a51ca971b
[NotebookApp | INFO] Accepting one-time-token-authenticated connection from ::1
[NotebookApp | WARNING] Notebook Naive_Bayes_Exploration.ipynb is not trusted
[NotebookApp | INFO] Kernel started: e6ce374e-9737-4229-9abf-e4f36f1eea3e
[NotebookApp | INFO] Adapting to protocol v5.1 for kernel e6ce374e-9737-4229-9abf-e4f36f1eea3e
[NotebookApp | WARNING] Notebook LinearSVM_Exploration.ipynb is not trusted
[NotebookApp | INFO] Kernel started: 97a6f259-ee7c-4200-af32-2d73af4da77a
[NotebookApp | INFO] Adapting to protocol v5.1 for kernel 97a6f259-ee7c-4200-af32-2d73af4da77a
[NotebookApp | WARNING] Notebook final_project_checkin-Team_NYT_PYT.ipynb is not trusted
[NotebookApp | INFO] Kernel started: b5548b23-b3a1-4853-96f9-d7241db420b3
[NotebookApp | INFO] Adapting to protocol v5.1 for kernel b5548b23-b3a1-4853-96f9-d7241db420b3
[NotebookApp | INFO] Saving file at /Naive_Bayes_Exploration.ipynb
[NotebookApp | WARNING] Notebook Naive_Bayes_Exploration.ipynb is not trusted
[NotebookApp | INFO] Saving file at /LinearSVM_Exploration.ipynb
[NotebookApp | WARNING] Notebook LinearSVM_Exploration.ipynb is not trusted
[NotebookApp | INFO] Saving file at /final_project_checkin-Team_NYT_PYT.ipynb
[NotebookApp | WARNING] Notebook final_project_checkin-Team_NYT_PYT.ipynb is not trusted
[NotebookApp | INFO] Starting buffering for e6ce374e-9737-4229-9abf-e4f36f1eea3e:553c3b20208e42efa2f04a8b6369cb82
[NotebookApp | WARNING] Notebook Bayes_Exploration.ipynb is not trusted
[NotebookApp | INFO] Kernel started: 97757616-076f-4163-9fb3-0cf3c8159312
[NotebookApp | INFO] Adapting to protocol v5.1 for kernel 97757616-076f-4163-9fb3-0cf3c8159312
[NotebookApp | INFO] Saving file at /Bayes_Exploration.ipynb
[NotebookApp | WARNING] Notebook Bayes_Exploration.ipynb is not trusted
[NotebookApp | INFO] Saving file at /Bayes_Exploration.ipynb
[NotebookApp | WARNING] Notebook Bayes_Exploration.ipynb is not trusted
[NotebookApp | INFO] Saving file at /Bayes_Exploration.ipynb
[NotebookApp | WARNING] Notebook Bayes_Exploration.ipynb is not trusted
[NotebookApp | INFO] Saving file at /Bayes_Exploration.ipynb
[NotebookApp | WARNING] Notebook Bayes_Exploration.ipynb is not trusted
[NotebookApp | INFO] Saving file at /Bayes_Exploration.ipynb
[NotebookApp | WARNING] Notebook Bayes_Exploration.ipynb is not trusted
[NotebookApp | INFO] Saving file at /Bayes_Exploration.ipynb
[NotebookApp | WARNING] Notebook Bayes_Exploration.ipynb is not trusted
[NotebookApp | INFO] Saving file at /Bayes_Exploration.ipynb
[NotebookApp | WARNING] Notebook Bayes_Exploration.ipynb is not trusted
[NotebookApp | INFO] Saving file at /Bayes_Exploration.ipynb
[NotebookApp | WARNING] Notebook Bayes_Exploration.ipynb is not trusted
[NotebookApp | INFO] Saving file at /Bayes_Exploration.ipynb
[NotebookApp | WARNING] Notebook Bayes_Exploration.ipynb is not trusted
[NotebookApp | INFO] Saving file at /Bayes_Exploration.ipynb
[NotebookApp | WARNING] Notebook Bayes_Exploration.ipynb is not trusted
[NotebookApp | INFO] Starting buffering for 97757616-076f-4163-9fb3-0cf3c8159312:a8733b4985e04bdd86faa820124fc4e3
[NotebookApp | INFO] Starting buffering for b5548b23-b3a1-4853-96f9-d7241db420b3:3aa830bb4b64414dbd9e7b75ea8f654f
[NotebookApp | INFO] Starting buffering for 97a6f259-ee7c-4200-af32-2d73af4da77a:6d5062cd205e436c89d2aed341b17252
[NotebookApp | INFO] interrupted
[NotebookApp | CRITICAL] Shutdown confirmed
[NotebookApp | INFO] Shutting down 4 kernels
[NotebookApp | INFO] Kernel shutdown: e6ce374e-9737-4229-9abf-e4f36f1eea3e
[NotebookApp | INFO] Kernel shutdown: 97a6f259-ee7c-4200-af32-2d73af4da77a
[NotebookApp | INFO] Kernel shutdown: b5548b23-b3a1-4853-96f9-d7241db420b3
[NotebookApp | INFO] Kernel shutdown: 97757616-076f-4163-9fb3-0cf3c8159312
[NotebookApp | WARNING] No nbgrader_config.py file found (rerun with --debug to see where nbgrader is looking)
[NotebookApp | INFO] Loading the validate_assignment nbgrader serverextension
[NotebookApp | INFO] Serving notebooks from local directory: /Users/jacquessham/Documents/GitHub/nyt_comment
[NotebookApp | INFO] The Jupyter Notebook is running at:
[NotebookApp | INFO] http://localhost:8888/?token=50daed16830b03a7de060c1bc78223d64ad0b6db2ea35cf2
[NotebookApp | INFO] Use Control-C to stop this server and shut down all kernels (twice to skip confirmation).
[NotebookApp | CRITICAL] 
    
    Copy/paste this URL into your browser when you connect for the first time,
    to login with a token:
        http://localhost:8888/?token=50daed16830b03a7de060c1bc78223d64ad0b6db2ea35cf2
[NotebookApp | INFO] Accepting one-time-token-authenticated connection from ::1
[NotebookApp | WARNING] Notebook Naive_Bayes_Exploration.ipynb is not trusted
[NotebookApp | INFO] Kernel started: 7cbbec02-5c82-4009-b934-1358722f2b8b
[NotebookApp | INFO] Adapting to protocol v5.1 for kernel 7cbbec02-5c82-4009-b934-1358722f2b8b
[NotebookApp | INFO] Saving file at /Naive_Bayes_Exploration.ipynb
[NotebookApp | WARNING] Notebook Naive_Bayes_Exploration.ipynb is not trusted
[NotebookApp | INFO] Saving file at /Naive_Bayes_Exploration.ipynb
[NotebookApp | WARNING] Notebook Naive_Bayes_Exploration.ipynb is not trusted
[NotebookApp | INFO] Saving file at /Naive_Bayes_Exploration.ipynb
[NotebookApp | WARNING] Notebook Naive_Bayes_Exploration.ipynb is not trusted
[NotebookApp | INFO] Saving file at /Naive_Bayes_Exploration.ipynb
[NotebookApp | WARNING] Notebook Naive_Bayes_Exploration.ipynb is not trusted
[NotebookApp | INFO] Saving file at /Naive_Bayes_Exploration.ipynb
[NotebookApp | WARNING] Notebook Naive_Bayes_Exploration.ipynb is not trusted
[NotebookApp | WARNING] No nbgrader_config.py file found (rerun with --debug to see where nbgrader is looking)
[NotebookApp | INFO] Loading the validate_assignment nbgrader serverextension
[NotebookApp | INFO] Serving notebooks from local directory: /Users/jacquessham/Documents/GitHub/nyt_comment
[NotebookApp | INFO] The Jupyter Notebook is running at:
[NotebookApp | INFO] http://localhost:8889/?token=25d37e746813c61312868f6cbb6988e531a76e5b258e9900
[NotebookApp | INFO] Use Control-C to stop this server and shut down all kernels (twice to skip confirmation).
[NotebookApp | CRITICAL] 
    
    Copy/paste this URL into your browser when you connect for the first time,
    to login with a token:
        http://localhost:8889/?token=25d37e746813c61312868f6cbb6988e531a76e5b258e9900
[NotebookApp | INFO] Accepting one-time-token-authenticated connection from ::1
[NotebookApp | WARNING] Notebook Booster_Naive_Bayes_Exploration.ipynb is not trusted
[NotebookApp | INFO] Kernel started: 709f3b52-7f89-49af-8545-7fc00ace578c
[NotebookApp | INFO] Adapting to protocol v5.1 for kernel 709f3b52-7f89-49af-8545-7fc00ace578c
[NotebookApp | INFO] Starting buffering for 7cbbec02-5c82-4009-b934-1358722f2b8b:d5d7277b132441d899fed08b9b4ebcf6
[NotebookApp | INFO] Saving file at /Booster_Naive_Bayes_Exploration.ipynb
[NotebookApp | WARNING] Notebook Booster_Naive_Bayes_Exploration.ipynb is not trusted
[NotebookApp | WARNING] Notebook Naive_Bayes_Exploration.ipynb is not trusted
[NotebookApp | INFO] Adapting to protocol v5.1 for kernel 7cbbec02-5c82-4009-b934-1358722f2b8b
[NotebookApp | INFO] interrupted
[NotebookApp | CRITICAL] Shutdown confirmed
[NotebookApp | INFO] Shutting down 1 kernel
[NotebookApp | INFO] Kernel shutdown: 709f3b52-7f89-49af-8545-7fc00ace578c
[NotebookApp | INFO] Starting buffering for 7cbbec02-5c82-4009-b934-1358722f2b8b:80e147cff29249a583724c05a45fb149
[NotebookApp | WARNING] Notebook Naive_Bayes_Exploration.ipynb is not trusted
[NotebookApp | INFO] Adapting to protocol v5.1 for kernel 7cbbec02-5c82-4009-b934-1358722f2b8b
[NotebookApp | INFO] Saving file at /Naive_Bayes_Exploration.ipynb
[NotebookApp | WARNING] Notebook Naive_Bayes_Exploration.ipynb is not trusted
[NotebookApp | INFO] Starting buffering for 7cbbec02-5c82-4009-b934-1358722f2b8b:aa29992b568b46578fa95eecc94a0b68
[NotebookApp | INFO] interrupted
[NotebookApp | CRITICAL] Shutdown confirmed
[NotebookApp | INFO] Shutting down 1 kernel
[NotebookApp | INFO] Kernel shutdown: 7cbbec02-5c82-4009-b934-1358722f2b8b
[NotebookApp | WARNING] No nbgrader_config.py file found (rerun with --debug to see where nbgrader is looking)
[NotebookApp | INFO] Loading the validate_assignment nbgrader serverextension
[NotebookApp | INFO] Serving notebooks from local directory: /Users/jacquessham/Documents/GitHub/nyt_comment
[NotebookApp | INFO] The Jupyter Notebook is running at:
[NotebookApp | INFO] http://localhost:8889/?token=45a8bc7d0afaec1fc2baf2700b32a370d8dae9461b2c4e3a
[NotebookApp | INFO] Use Control-C to stop this server and shut down all kernels (twice to skip confirmation).
[NotebookApp | CRITICAL] 
    
    Copy/paste this URL into your browser when you connect for the first time,
    to login with a token:
        http://localhost:8889/?token=45a8bc7d0afaec1fc2baf2700b32a370d8dae9461b2c4e3a
[NotebookApp | INFO] Accepting one-time-token-authenticated connection from ::1
[NotebookApp | WARNING] Notebook LinearSVM_Exploration.ipynb is not trusted
[NotebookApp | INFO] Kernel started: 4b2f81fd-fea0-4d81-881b-ff2ef859c787
[NotebookApp | INFO] Adapting to protocol v5.1 for kernel 4b2f81fd-fea0-4d81-881b-ff2ef859c787
[NotebookApp | WARNING] Notebook final_project_checkin-Team_NYT_PYT.ipynb is not trusted
[NotebookApp | INFO] Kernel started: 5032c30d-aefb-4e8e-96f5-bc733805e63e
[NotebookApp | INFO] Adapting to protocol v5.1 for kernel 5032c30d-aefb-4e8e-96f5-bc733805e63e
[NotebookApp | INFO] Starting buffering for 5032c30d-aefb-4e8e-96f5-bc733805e63e:a07c8bd4213640408c2568d4aeecb68f
[NotebookApp | INFO] Starting buffering for 4b2f81fd-fea0-4d81-881b-ff2ef859c787:01fffd27361041ce843fd51638802885
